<?xml version="1.0" encoding="UTF-8"?>
<!-- Generated by org.testng.reporters.JUnitReportReporter -->
<testsuite hostname="Leena173" failures="0" tests="1" name="testAssessmentRCB.validateWicketKeeper" time="0.231" errors="0" timestamp="2022-11-15T17:38:34 IST" skipped="0">
  <testcase classname="testAssessmentRCB.validateWicketKeeper" name="validateWicketKeeperTest" time="0.231"/>
  <system-out/>
</testsuite> <!-- testAssessmentRCB.validateWicketKeeper -->
