<?xml version="1.0" encoding="UTF-8"?>
<!-- Generated by org.testng.reporters.JUnitReportReporter -->
<testsuite hostname="Leena173" failures="0" tests="1" name="testAssessmentRCB.ValidateForeignPlayers" time="0.313" errors="0" timestamp="2022-11-15T17:37:14 IST" skipped="0">
  <testcase classname="testAssessmentRCB.ValidateForeignPlayers" name="ValidateForeignPlayersTest" time="0.313"/>
  <system-out/>
</testsuite> <!-- testAssessmentRCB.ValidateForeignPlayers -->
